{"uuid":"4c139a65-d48b-4f5d-8e8b-cbba77eae608","historyId":"ae772b8243951f169e0e8d78a6fd4df8","fullName":"src/test/resources/features/DataDrivenTest.feature:10","labels":[{"name":"host","value":"LAPTOP-FDJ0G8PS"},{"name":"thread","value":"24484@LAPTOP-FDJ0G8PS.main(1)"},{"name":"feature","value":"Data Driven Test"},{"name":"story","value":"verify available users in the database"},{"name":"suite","value":"Data Driven Test"},{"name":"testClass","value":"verify available users in the database"},{"name":"framework","value":"cucumber4jvm"},{"name":"language","value":"java"},{"name":"gherkin_uri","value":"file:///C:/Users/91949/OneDrive/Desktop/Joe/Test/RestAssuredFrameWork/src/test/resources/features/DataDrivenTest.feature"},{"name":"package","value":"src.test.resources.features.DataDrivenTest_feature.Data Driven Test"}],"links":[],"name":"verify available users in the database","status":"failed","statusDetails":{"known":false,"muted":false,"flaky":false,"message":"expected:<200> but was:<404>","trace":"java.lang.AssertionError: expected:<200> but was:<404>\r\n\tat org.junit.Assert.fail(Assert.java:89)\r\n\tat org.junit.Assert.failNotEquals(Assert.java:835)\r\n\tat org.junit.Assert.assertEquals(Assert.java:647)\r\n\tat org.junit.Assert.assertEquals(Assert.java:633)\r\n\tat com.automation.steps.ResponseSteps.verify_status_code_is(ResponseSteps.java:17)\r\n\tat ✽.verify status code is 200(file:///C:/Users/91949/OneDrive/Desktop/Joe/Test/RestAssuredFrameWork/src/test/resources/features/DataDrivenTest.feature:5)\r\n"},"stage":"finished","steps":[{"name":"Given  user calls \"/users/@id\" endpoint with \"7541074\"","status":"passed","statusDetails":{"known":false,"muted":false,"flaky":false},"stage":"finished","steps":[],"attachments":[],"parameters":[],"start":1732447919737,"stop":1732447919835},{"name":"When  user makes get request","status":"passed","statusDetails":{"known":false,"muted":false,"flaky":false},"stage":"finished","steps":[],"attachments":[],"parameters":[],"start":1732447919835,"stop":1732447920919},{"name":"Then  verify status code is 200","status":"failed","statusDetails":{"known":false,"muted":false,"flaky":false,"message":"expected:<200> but was:<404>","trace":"java.lang.AssertionError: expected:<200> but was:<404>\r\n\tat org.junit.Assert.fail(Assert.java:89)\r\n\tat org.junit.Assert.failNotEquals(Assert.java:835)\r\n\tat org.junit.Assert.assertEquals(Assert.java:647)\r\n\tat org.junit.Assert.assertEquals(Assert.java:633)\r\n\tat com.automation.steps.ResponseSteps.verify_status_code_is(ResponseSteps.java:17)\r\n\tat ✽.verify status code is 200(file:///C:/Users/91949/OneDrive/Desktop/Joe/Test/RestAssuredFrameWork/src/test/resources/features/DataDrivenTest.feature:5)\r\n"},"stage":"finished","steps":[],"attachments":[],"parameters":[],"start":1732447920919,"stop":1732447920927},{"name":"And  verify response has schema same as \"response-schema.json\"","status":"skipped","statusDetails":{"known":false,"muted":false,"flaky":false},"stage":"finished","steps":[],"attachments":[],"parameters":[],"start":1732447920928,"stop":1732447920930}],"attachments":[],"parameters":[{"name":"id","value":"7541074"}],"start":1732447919442,"stop":1732447920936}