{"uuid":"af3be02a-0bd6-4b53-92f6-17620e718019","historyId":"c3b9b4a777eb8213fa6ae9d04e447e9e","fullName":"src/test/resources/features/DataDrivenTest.feature:11","labels":[{"name":"host","value":"LAPTOP-FDJ0G8PS"},{"name":"thread","value":"24484@LAPTOP-FDJ0G8PS.main(1)"},{"name":"feature","value":"Data Driven Test"},{"name":"story","value":"verify available users in the database"},{"name":"suite","value":"Data Driven Test"},{"name":"testClass","value":"verify available users in the database"},{"name":"framework","value":"cucumber4jvm"},{"name":"language","value":"java"},{"name":"gherkin_uri","value":"file:///C:/Users/91949/OneDrive/Desktop/Joe/Test/RestAssuredFrameWork/src/test/resources/features/DataDrivenTest.feature"},{"name":"package","value":"src.test.resources.features.DataDrivenTest_feature.Data Driven Test"}],"links":[],"name":"verify available users in the database","status":"failed","statusDetails":{"known":false,"muted":false,"flaky":false,"message":"expected:<200> but was:<404>","trace":"java.lang.AssertionError: expected:<200> but was:<404>\r\n\tat org.junit.Assert.fail(Assert.java:89)\r\n\tat org.junit.Assert.failNotEquals(Assert.java:835)\r\n\tat org.junit.Assert.assertEquals(Assert.java:647)\r\n\tat org.junit.Assert.assertEquals(Assert.java:633)\r\n\tat com.automation.steps.ResponseSteps.verify_status_code_is(ResponseSteps.java:17)\r\n\tat ✽.verify status code is 200(file:///C:/Users/91949/OneDrive/Desktop/Joe/Test/RestAssuredFrameWork/src/test/resources/features/DataDrivenTest.feature:5)\r\n"},"stage":"finished","steps":[{"name":"Given  user calls \"/users/@id\" endpoint with \"7541073\"","status":"passed","statusDetails":{"known":false,"muted":false,"flaky":false},"stage":"finished","steps":[],"attachments":[],"parameters":[],"start":1732447921017,"stop":1732447921018},{"name":"When  user makes get request","status":"passed","statusDetails":{"known":false,"muted":false,"flaky":false},"stage":"finished","steps":[],"attachments":[],"parameters":[],"start":1732447921018,"stop":1732447921198},{"name":"Then  verify status code is 200","status":"failed","statusDetails":{"known":false,"muted":false,"flaky":false,"message":"expected:<200> but was:<404>","trace":"java.lang.AssertionError: expected:<200> but was:<404>\r\n\tat org.junit.Assert.fail(Assert.java:89)\r\n\tat org.junit.Assert.failNotEquals(Assert.java:835)\r\n\tat org.junit.Assert.assertEquals(Assert.java:647)\r\n\tat org.junit.Assert.assertEquals(Assert.java:633)\r\n\tat com.automation.steps.ResponseSteps.verify_status_code_is(ResponseSteps.java:17)\r\n\tat ✽.verify status code is 200(file:///C:/Users/91949/OneDrive/Desktop/Joe/Test/RestAssuredFrameWork/src/test/resources/features/DataDrivenTest.feature:5)\r\n"},"stage":"finished","steps":[],"attachments":[],"parameters":[],"start":1732447921199,"stop":1732447921200},{"name":"And  verify response has schema same as \"response-schema.json\"","status":"skipped","statusDetails":{"known":false,"muted":false,"flaky":false},"stage":"finished","steps":[],"attachments":[],"parameters":[],"start":1732447921200,"stop":1732447921201}],"attachments":[],"parameters":[{"name":"id","value":"7541073"}],"start":1732447921017,"stop":1732447921202}